0 info it worked if it ends with ok
1 verbose cli [ 'C:\\Program Files\\nodejs\\node.exe',
1 verbose cli   'C:\\Program Files\\nodejs\\node_modules\\npm\\bin\\npm-cli.js',
1 verbose cli   'i',
1 verbose cli   'joi' ]
2 info using npm@3.10.10
3 info using node@v6.11.0
4 silly loadCurrentTree Starting
5 silly install loadCurrentTree
6 silly install readLocalPackageData
7 silly fetchPackageMetaData joi@17.9.2
8 silly fetchNamedPackageData joi
9 silly mapToRegistry name joi
10 silly mapToRegistry using default registry
11 silly mapToRegistry registry https://registry.npmjs.org/
12 silly mapToRegistry data Result {
12 silly mapToRegistry   raw: 'joi',
12 silly mapToRegistry   scope: null,
12 silly mapToRegistry   escapedName: 'joi',
12 silly mapToRegistry   name: 'joi',
12 silly mapToRegistry   rawSpec: '',
12 silly mapToRegistry   spec: 'latest',
12 silly mapToRegistry   type: 'tag' }
13 silly mapToRegistry uri https://registry.npmjs.org/joi
14 verbose request uri https://registry.npmjs.org/joi
15 verbose request no auth needed
16 info attempt registry request try #1 at 14:47:15
17 verbose request using bearer token for auth
18 verbose request id 990907873d7b82ef
19 http request GET https://registry.npmjs.org/joi
20 info retry will retry, error on last attempt: Error: tunneling socket could not be established, cause=connect ECONNREFUSED 127.0.0.1:3128
21 info attempt registry request try #2 at 14:47:27
22 verbose request using bearer token for auth
23 http request GET https://registry.npmjs.org/joi
24 info retry will retry, error on last attempt: Error: tunneling socket could not be established, cause=connect ECONNREFUSED 127.0.0.1:3128
25 info attempt registry request try #3 at 14:48:30
26 verbose request using bearer token for auth
27 http request GET https://registry.npmjs.org/joi
28 silly fetchPackageMetaData Error: tunneling socket could not be established, cause=connect ECONNREFUSED 127.0.0.1:3128
28 silly fetchPackageMetaData     at ClientRequest.onError (C:\Users\nama\AppData\Roaming\nvm\v6.11.0\node_modules\npm\node_modules\request\node_modules\tunnel-agent\index.js:176:17)
28 silly fetchPackageMetaData     at ClientRequest.g (events.js:292:16)
28 silly fetchPackageMetaData     at emitOne (events.js:96:13)
28 silly fetchPackageMetaData     at ClientRequest.emit (events.js:188:7)
28 silly fetchPackageMetaData     at Socket.socketErrorListener (_http_client.js:309:9)
28 silly fetchPackageMetaData     at emitOne (events.js:96:13)
28 silly fetchPackageMetaData     at Socket.emit (events.js:188:7)
28 silly fetchPackageMetaData     at emitErrorNT (net.js:1277:8)
28 silly fetchPackageMetaData     at _combinedTickCallback (internal/process/next_tick.js:80:11)
28 silly fetchPackageMetaData     at process._tickCallback (internal/process/next_tick.js:104:9)
28 silly fetchPackageMetaData  error for joi@17.9.2 { Error: tunneling socket could not be established, cause=connect ECONNREFUSED 127.0.0.1:3128
28 silly fetchPackageMetaData     at ClientRequest.onError (C:\Users\nama\AppData\Roaming\nvm\v6.11.0\node_modules\npm\node_modules\request\node_modules\tunnel-agent\index.js:176:17)
28 silly fetchPackageMetaData     at ClientRequest.g (events.js:292:16)
28 silly fetchPackageMetaData     at emitOne (events.js:96:13)
28 silly fetchPackageMetaData     at ClientRequest.emit (events.js:188:7)
28 silly fetchPackageMetaData     at Socket.socketErrorListener (_http_client.js:309:9)
28 silly fetchPackageMetaData     at emitOne (events.js:96:13)
28 silly fetchPackageMetaData     at Socket.emit (events.js:188:7)
28 silly fetchPackageMetaData     at emitErrorNT (net.js:1277:8)
28 silly fetchPackageMetaData     at _combinedTickCallback (internal/process/next_tick.js:80:11)
28 silly fetchPackageMetaData     at process._tickCallback (internal/process/next_tick.js:104:9) code: 'ECONNRESET' }
29 silly rollbackFailedOptional Starting
30 silly rollbackFailedOptional Finishing
31 silly runTopLevelLifecycles Finishing
32 silly install printInstalled
33 verbose stack Error: tunneling socket could not be established, cause=connect ECONNREFUSED 127.0.0.1:3128
33 verbose stack     at ClientRequest.onError (C:\Users\nama\AppData\Roaming\nvm\v6.11.0\node_modules\npm\node_modules\request\node_modules\tunnel-agent\index.js:176:17)
33 verbose stack     at ClientRequest.g (events.js:292:16)
33 verbose stack     at emitOne (events.js:96:13)
33 verbose stack     at ClientRequest.emit (events.js:188:7)
33 verbose stack     at Socket.socketErrorListener (_http_client.js:309:9)
33 verbose stack     at emitOne (events.js:96:13)
33 verbose stack     at Socket.emit (events.js:188:7)
33 verbose stack     at emitErrorNT (net.js:1277:8)
33 verbose stack     at _combinedTickCallback (internal/process/next_tick.js:80:11)
33 verbose stack     at process._tickCallback (internal/process/next_tick.js:104:9)
34 verbose cwd D:\expressapp
35 error Windows_NT 10.0.19044
36 error argv "C:\\Program Files\\nodejs\\node.exe" "C:\\Program Files\\nodejs\\node_modules\\npm\\bin\\npm-cli.js" "i" "joi"
37 error node v6.11.0
38 error npm  v3.10.10
39 error code ECONNRESET
40 error network tunneling socket could not be established, cause=connect ECONNREFUSED 127.0.0.1:3128
41 error network This is most likely not a problem with npm itself
41 error network and is related to network connectivity.
41 error network In most cases you are behind a proxy or have bad network settings.
41 error network
41 error network If you are behind a proxy, please make sure that the
41 error network 'proxy' config is set properly.  See: 'npm help config'
42 verbose exit [ 1, true ]
